11-Nov-2025 13:43:37.971 INFO [main] org.apache.catalina.startup.VersionLoggerListener.log Server version name:   Apache Tomcat/11.0.14
11-Nov-2025 13:43:37.985 INFO [main] org.apache.catalina.startup.VersionLoggerListener.log Server built:          Nov 5 2025 19:03:02 UTC
11-Nov-2025 13:43:37.986 INFO [main] org.apache.catalina.startup.VersionLoggerListener.log Server version number: 11.0.14.0
11-Nov-2025 13:43:37.986 INFO [main] org.apache.catalina.startup.VersionLoggerListener.log OS Name:               Windows 11
11-Nov-2025 13:43:37.986 INFO [main] org.apache.catalina.startup.VersionLoggerListener.log OS Version:            10.0
11-Nov-2025 13:43:37.987 INFO [main] org.apache.catalina.startup.VersionLoggerListener.log Architecture:          amd64
11-Nov-2025 13:43:37.987 INFO [main] org.apache.catalina.startup.VersionLoggerListener.log Java Home:             C:\Users\nikto\.jdks\ms-21.0.8
11-Nov-2025 13:43:37.987 INFO [main] org.apache.catalina.startup.VersionLoggerListener.log JVM Version:           21.0.8+9-LTS
11-Nov-2025 13:43:37.988 INFO [main] org.apache.catalina.startup.VersionLoggerListener.log JVM Vendor:            Microsoft
11-Nov-2025 13:43:37.988 INFO [main] org.apache.catalina.startup.VersionLoggerListener.log CATALINA_BASE:         C:\Users\nikto\IdeaProjects\java_spring\Containers\Serverlets
11-Nov-2025 13:43:37.988 INFO [main] org.apache.catalina.startup.VersionLoggerListener.log CATALINA_HOME:         C:\Users\nikto\apache-tomcat-11.0.14\apache-tomcat-11.0.14
11-Nov-2025 13:43:38.015 INFO [main] org.apache.catalina.startup.VersionLoggerListener.log Command line argument: --add-opens=java.base/java.lang=ALL-UNNAMED
11-Nov-2025 13:43:38.015 INFO [main] org.apache.catalina.startup.VersionLoggerListener.log Command line argument: --add-opens=java.base/java.io=ALL-UNNAMED
11-Nov-2025 13:43:38.016 INFO [main] org.apache.catalina.startup.VersionLoggerListener.log Command line argument: --add-opens=java.base/java.util=ALL-UNNAMED
11-Nov-2025 13:43:38.016 INFO [main] org.apache.catalina.startup.VersionLoggerListener.log Command line argument: --add-opens=java.base/java.util.concurrent=ALL-UNNAMED
11-Nov-2025 13:43:38.016 INFO [main] org.apache.catalina.startup.VersionLoggerListener.log Command line argument: --add-opens=java.rmi/sun.rmi.transport=ALL-UNNAMED
11-Nov-2025 13:43:38.016 INFO [main] org.apache.catalina.startup.VersionLoggerListener.log Command line argument: -Dcatalina.home=C:\Users\nikto\apache-tomcat-11.0.14\apache-tomcat-11.0.14
11-Nov-2025 13:43:38.017 INFO [main] org.apache.catalina.startup.VersionLoggerListener.log Command line argument: -Dcatalina.base=C:\Users\nikto\IdeaProjects\java_spring\Containers\Serverlets
11-Nov-2025 13:43:38.017 INFO [main] org.apache.catalina.startup.VersionLoggerListener.log Command line argument: -Djava.io.tmpdir=C:\Users\nikto\IdeaProjects\java_spring\Containers\Serverlets\temp
11-Nov-2025 13:43:38.017 INFO [main] org.apache.catalina.startup.VersionLoggerListener.log Command line argument: -Djava.util.logging.config.file=C:\Users\nikto\IdeaProjects\java_spring\Containers\Serverlets\conf\logging.properties
11-Nov-2025 13:43:38.017 INFO [main] org.apache.catalina.startup.VersionLoggerListener.log Command line argument: -Djava.util.logging.manager=org.apache.juli.ClassLoaderLogManager
11-Nov-2025 13:43:38.017 INFO [main] org.apache.catalina.startup.VersionLoggerListener.log Command line argument: -javaagent:C:\Users\nikto\lib\idea_rt.jar=62766:C:\Users\nikto\bin
11-Nov-2025 13:43:38.018 INFO [main] org.apache.catalina.startup.VersionLoggerListener.log Command line argument: -Dfile.encoding=UTF-8
11-Nov-2025 13:43:38.019 INFO [main] org.apache.catalina.startup.VersionLoggerListener.log Command line argument: -Dsun.stdout.encoding=UTF-8
11-Nov-2025 13:43:38.019 INFO [main] org.apache.catalina.startup.VersionLoggerListener.log Command line argument: -Dsun.stderr.encoding=UTF-8
11-Nov-2025 13:43:38.027 INFO [main] org.apache.catalina.core.AprLifecycleListener.lifecycleEvent The Apache Tomcat Native library which allows using OpenSSL was not found on the java.library.path: [C:\Users\nikto\.jdks\ms-21.0.8\bin;C:\WINDOWS\Sun\Java\bin;C:\WINDOWS\system32;C:\WINDOWS;C:\Program Files (x86)\Common Files\Oracle\Java\javapath;C:\Windows\system32;C:\Windows;C:\Windows\System32\Wbem;C:\Windows\System32\WindowsPowerShell\v1.0\;C:\Windows\System32\OpenSSH\;C:\Program Files (x86)\NVIDIA Corporation\PhysX\Common;C:\Program Files\NVIDIA Corporation\NVIDIA NvDLISR;C:\WINDOWS\system32;C:\WINDOWS;C:\WINDOWS\System32\Wbem;C:\WINDOWS\System32\WindowsPowerShell\v1.0\;C:\WINDOWS\System32\OpenSSH\;C:\Program Files\Git\cmd;C:\Program Files\Docker\Docker\resources\bin;C:\Program Files\gsudo\Current;C:\ProgramData\chocolatey\bin;C:\Users\nikto\AppData\Local\Programs\Python\Python312\Scripts\;C:\Users\nikto\AppData\Local\Programs\Python\Python312\;C:\Users\nikto\AppData\Local\Microsoft\WindowsApps;C:\Users\nikto\AppData\Local\Programs\Microsoft VS Code\bin;C:\YARA;C:\Users\nikto\AppData\Local\Microsoft\WinGet\Packages\VirusTotal.YARA_Microsoft.Winget.Source_8wekyb3d8bbwe;;.]
11-Nov-2025 13:43:38.446 INFO [main] org.apache.coyote.AbstractProtocol.init Initializing ProtocolHandler ["http-nio-8080"]
11-Nov-2025 13:43:38.468 INFO [main] org.apache.catalina.startup.Catalina.load Server initialization in [1198] milliseconds
11-Nov-2025 13:43:38.540 INFO [main] org.apache.catalina.core.StandardService.startInternal Starting service [Catalina]
11-Nov-2025 13:43:38.541 INFO [main] org.apache.catalina.core.StandardEngine.startInternal Starting Servlet engine: [Apache Tomcat/11.0.14]
11-Nov-2025 13:43:38.553 INFO [main] org.apache.catalina.startup.HostConfig.deployDescriptor Deploying deployment descriptor [C:\Users\nikto\IdeaProjects\java_spring\Containers\Serverlets\conf\Catalina\localhost\ROOT.xml]
11-Nov-2025 13:43:39.103 INFO [main] org.apache.jasper.servlet.TldScanner.scanJars At least one JAR was scanned for TLDs yet contained no TLDs. Enable debug logging for this logger for a complete list of JARs that were scanned but no TLDs were found in them. Skipping unneeded JARs during scanning can improve startup time and JSP compilation time.
11-Nov-2025 13:43:39.153 INFO [main] org.apache.catalina.startup.HostConfig.deployDescriptor Deployment of deployment descriptor [C:\Users\nikto\IdeaProjects\java_spring\Containers\Serverlets\conf\Catalina\localhost\ROOT.xml] has finished in [600] ms
11-Nov-2025 13:43:39.160 INFO [main] org.apache.coyote.AbstractProtocol.start Starting ProtocolHandler ["http-nio-8080"]
11-Nov-2025 13:43:39.191 INFO [main] org.apache.catalina.startup.Catalina.start Server startup in [720] milliseconds
11-Nov-2025 13:44:08.851 INFO [Thread-1] org.apache.coyote.AbstractProtocol.pause Pausing ProtocolHandler ["http-nio-8080"]
11-Nov-2025 13:44:08.856 INFO [Thread-1] org.apache.catalina.core.StandardService.stopInternal Stopping service [Catalina]
11-Nov-2025 13:44:08.872 INFO [Thread-1] org.apache.coyote.AbstractProtocol.stop Stopping ProtocolHandler ["http-nio-8080"]
11-Nov-2025 13:44:08.883 INFO [Thread-1] org.apache.coyote.AbstractProtocol.destroy Destroying ProtocolHandler ["http-nio-8080"]
